WhoIsTheFastestPainter_Lite/app/build/outputs/logs/manifest-merger-release-report.txt
-- Merging decision tree log ---
manifest
ADDED from src/main/AndroidManifest.xml:2:1-100:12
INJECTED from src/main/AndroidManifest.xml:2:1-100:12
INJECTED from src/main/AndroidManifest.xml:2:1-100:12
INJECTED from src/main/AndroidManifest.xml:2:1-100:12
MERGED from [com.android.support:support-fragment:28.0.0] AndroidManifest.xml:17:1-22:12
MERGED from [com.android.support:support-core-ui:28.0.0] AndroidManifest.xml:17:1-22:12
MERGED from [com.android.support:support-core-utils:28.0.0] AndroidManifest.xml:17:1-22:12
MERGED from [com.android.support:loader:28.0.0] AndroidManifest.xml:17:1-22:12
MERGED from [com.android.support:viewpager:28.0.0] AndroidManifest.xml:17:1-22:12
MERGED from [com.android.support:coordinatorlayout:28.0.0] AndroidManifest.xml:17:1-22:12
MERGED from [com.android.support:drawerlayout:28.0.0] AndroidManifest.xml:17:1-22:12
MERGED from [com.android.support:slidingpanelayout:28.0.0] AndroidManifest.xml:17:1-22:12
MERGED from [com.android.support:customview:28.0.0] AndroidManifest.xml:17:1-22:12
MERGED from [com.android.support:swiperefreshlayout:28.0.0] AndroidManifest.xml:17:1-22:12
MERGED from [com.android.support:asynclayoutinflater:28.0.0] AndroidManifest.xml:17:1-22:12
MERGED from [com.android.support:support-compat:28.0.0] AndroidManifest.xml:17:1-24:12
MERGED from [android.arch.lifecycle:viewmodel:1.1.1] AndroidManifest.xml:17:1-22:12
MERGED from [com.android.support:versionedparcelable:28.0.0] AndroidManifest.xml:17:1-25:12
MERGED from [android.arch.lifecycle:runtime:1.1.1] AndroidManifest.xml:17:1-22:12
MERGED from [com.android.support:interpolator:28.0.0] AndroidManifest.xml:17:1-22:12
MERGED from [com.android.support:cursoradapter:28.0.0] AndroidManifest.xml:17:1-22:12
MERGED from [com.android.support:documentfile:28.0.0] AndroidManifest.xml:17:1-22:12
MERGED from [com.android.support:localbroadcastmanager:28.0.0] AndroidManifest.xml:17:1-22:12
MERGED from [com.android.support:print:28.0.0] AndroidManifest.xml:17:1-22:12
MERGED from [android.arch.lifecycle:livedata:1.1.1] AndroidManifest.xml:17:1-22:12
MERGED from [android.arch.lifecycle:livedata-core:1.1.1] AndroidManifest.xml:17:1-22:12
MERGED from [android.arch.core:runtime:1.1.1] AndroidManifest.xml:17:1-22:12
INJECTED from src/main/AndroidManifest.xml:2:1-100:12
INJECTED from src/main/AndroidManifest.xml:2:1-100:12
INJECTED from src/main/AndroidManifest.xml:2:1-100:12
	package
		ADDED from src/main/AndroidManifest.xml:4:2-62
		INJECTED from src/main/AndroidManifest.xml
		INJECTED from src/main/AndroidManifest.xml
	android:versionName
		INJECTED from src/main/AndroidManifest.xml
		ADDED from src/main/AndroidManifest.xml:2:1-100:12
		INJECTED from src/main/AndroidManifest.xml
	xmlns:tools
		ADDED from src/main/AndroidManifest.xml:3:2-48
	android:versionCode
		INJECTED from src/main/AndroidManifest.xml
		ADDED from src/main/AndroidManifest.xml:2:1-100:12
		INJECTED from src/main/AndroidManifest.xml
	xmlns:android
		ADDED from src/main/AndroidManifest.xml:2:11-69
	android:installLocation
		ADDED from src/main/AndroidManifest.xml:5:9-39
supports-screens
ADDED from src/main/AndroidManifest.xml:7:9-12:37
	android:largeScreens
		ADDED from src/main/AndroidManifest.xml:11:6-33
	android:smallScreens
		ADDED from src/main/AndroidManifest.xml:9:6-34
	android:normalScreens
		ADDED from src/main/AndroidManifest.xml:10:6-34
	android:xlargeScreens
		ADDED from src/main/AndroidManifest.xml:12:6-34
	android:anyDensity
		ADDED from src/main/AndroidManifest.xml:8:6-31
uses-permission#android.permission.INTERNET
ADDED from src/main/AndroidManifest.xml:14:9-71
	android:name
		ADDED from src/main/AndroidManifest.xml:14:26-68
application
ADDED from src/main/AndroidManifest.xml:16:6-98:20
MERGED from [com.android.support:support-compat:28.0.0] AndroidManifest.xml:22:5-94
MERGED from [com.android.support:support-compat:28.0.0] AndroidManifest.xml:22:5-94
MERGED from [com.android.support:versionedparcelable:28.0.0] AndroidManifest.xml:22:5-23:19
MERGED from [com.android.support:versionedparcelable:28.0.0] AndroidManifest.xml:22:5-23:19
	android:appComponentFactory
		ADDED from [com.android.support:support-compat:28.0.0] AndroidManifest.xml:22:18-91
	android:label
		ADDED from src/main/AndroidManifest.xml:16:49-81
	android:hardwareAccelerated
		ADDED from src/main/AndroidManifest.xml:16:82-116
	tools:ignore
		ADDED from src/main/AndroidManifest.xml:19:4-43
	android:icon
		ADDED from src/main/AndroidManifest.xml:16:19-48
	android:allowBackup
		ADDED from src/main/AndroidManifest.xml:18:4-30
	android:name
		ADDED from src/main/AndroidManifest.xml:17:10-39
activity#com.invenktion.android.whoisthefastestpainter.lite.SplashScreenActivity
ADDED from src/main/AndroidManifest.xml:20:10-29:21
	android:screenOrientation
		ADDED from src/main/AndroidManifest.xml:23:20-57
	android:label
		ADDED from src/main/AndroidManifest.xml:21:20-52
	android:configChanges
		ADDED from src/main/AndroidManifest.xml:24:20-97
	android:theme
		ADDED from src/main/AndroidManifest.xml:22:20-58
	android:name
		ADDED from src/main/AndroidManifest.xml:20:20-56
intent-filter#action:name:android.intent.action.MAIN+category:name:android.intent.category.LAUNCHER
ADDED from src/main/AndroidManifest.xml:25:14-28:30
action#android.intent.action.MAIN
ADDED from src/main/AndroidManifest.xml:26:18-70
	android:name
		ADDED from src/main/AndroidManifest.xml:26:26-67
category#android.intent.category.LAUNCHER
ADDED from src/main/AndroidManifest.xml:27:18-78
	android:name
		ADDED from src/main/AndroidManifest.xml:27:28-75
activity#com.invenktion.android.whoisthefastestpainter.lite.DrawChallengeActivity
ADDED from src/main/AndroidManifest.xml:30:10-38:21
	android:screenOrientation
		ADDED from src/main/AndroidManifest.xml:33:20-57
	android:label
		ADDED from src/main/AndroidManifest.xml:31:20-52
	android:configChanges
		ADDED from src/main/AndroidManifest.xml:34:20-97
	android:theme
		ADDED from src/main/AndroidManifest.xml:32:20-58
	android:name
		ADDED from src/main/AndroidManifest.xml:30:20-57
intent-filter#category:name:android.intent.category.LAUNCHER
ADDED from src/main/AndroidManifest.xml:35:14-37:30
activity#com.invenktion.android.whoisthefastestpainter.lite.MenuActivity
ADDED from src/main/AndroidManifest.xml:39:10-47:21
	android:screenOrientation
		ADDED from src/main/AndroidManifest.xml:42:20-57
	android:label
		ADDED from src/main/AndroidManifest.xml:40:20-52
	android:configChanges
		ADDED from src/main/AndroidManifest.xml:43:20-97
	android:theme
		ADDED from src/main/AndroidManifest.xml:41:20-58
	android:name
		ADDED from src/main/AndroidManifest.xml:39:20-48
activity#com.invenktion.android.whoisthefastestpainter.lite.CreditsActivity
ADDED from src/main/AndroidManifest.xml:48:10-56:21
	android:screenOrientation
		ADDED from src/main/AndroidManifest.xml:51:20-57
	android:label
		ADDED from src/main/AndroidManifest.xml:49:20-52
	android:configChanges
		ADDED from src/main/AndroidManifest.xml:52:20-97
	android:theme
		ADDED from src/main/AndroidManifest.xml:50:20-58
	android:name
		ADDED from src/main/AndroidManifest.xml:48:20-51
activity#com.invenktion.android.whoisthefastestpainter.lite.ArcadeModeChooseLevelActivity
ADDED from src/main/AndroidManifest.xml:57:10-65:21
	android:screenOrientation
		ADDED from src/main/AndroidManifest.xml:60:20-57
	android:label
		ADDED from src/main/AndroidManifest.xml:58:20-52
	android:configChanges
		ADDED from src/main/AndroidManifest.xml:61:20-97
	android:theme
		ADDED from src/main/AndroidManifest.xml:59:20-58
	android:name
		ADDED from src/main/AndroidManifest.xml:57:20-65
activity#com.invenktion.android.whoisthefastestpainter.lite.SectionChoosingActivity
ADDED from src/main/AndroidManifest.xml:66:10-74:21
	android:screenOrientation
		ADDED from src/main/AndroidManifest.xml:69:20-57
	android:label
		ADDED from src/main/AndroidManifest.xml:67:20-52
	android:configChanges
		ADDED from src/main/AndroidManifest.xml:70:20-97
	android:theme
		ADDED from src/main/AndroidManifest.xml:68:20-58
	android:name
		ADDED from src/main/AndroidManifest.xml:66:20-59
activity#com.invenktion.android.whoisthefastestpainter.lite.AtelierChoosingPictureActivity
ADDED from src/main/AndroidManifest.xml:75:10-83:21
	android:screenOrientation
		ADDED from src/main/AndroidManifest.xml:78:20-57
	android:label
		ADDED from src/main/AndroidManifest.xml:76:20-52
	android:configChanges
		ADDED from src/main/AndroidManifest.xml:79:20-97
	android:theme
		ADDED from src/main/AndroidManifest.xml:77:20-58
	android:name
		ADDED from src/main/AndroidManifest.xml:75:20-66
activity#com.invenktion.android.whoisthefastestpainter.lite.AmmoActivity
ADDED from src/main/AndroidManifest.xml:84:10-92:21
	android:screenOrientation
		ADDED from src/main/AndroidManifest.xml:87:20-57
	android:label
		ADDED from src/main/AndroidManifest.xml:85:20-52
	android:configChanges
		ADDED from src/main/AndroidManifest.xml:88:20-97
	android:theme
		ADDED from src/main/AndroidManifest.xml:86:20-58
	android:name
		ADDED from src/main/AndroidManifest.xml:84:20-48
uses-sdk
INJECTED from src/main/AndroidManifest.xml reason: use-sdk injection requested
INJECTED from src/main/AndroidManifest.xml
INJECTED from src/main/AndroidManifest.xml
MERGED from [com.android.support:support-fragment:28.0.0] AndroidManifest.xml:20:5-44
MERGED from [com.android.support:support-fragment:28.0.0] AndroidManifest.xml:20:5-44
MERGED from [com.android.support:support-core-ui:28.0.0] AndroidManifest.xml:20:5-44
MERGED from [com.android.support:support-core-ui:28.0.0] AndroidManifest.xml:20:5-44
MERGED from [com.android.support:support-core-utils:28.0.0] AndroidManifest.xml:20:5-44
MERGED from [com.android.support:support-core-utils:28.0.0] AndroidManifest.xml:20:5-44
MERGED from [com.android.support:loader:28.0.0] AndroidManifest.xml:20:5-44
MERGED from [com.android.support:loader:28.0.0] AndroidManifest.xml:20:5-44
MERGED from [com.android.support:viewpager:28.0.0] AndroidManifest.xml:20:5-44
MERGED from [com.android.support:viewpager:28.0.0] AndroidManifest.xml:20:5-44
MERGED from [com.android.support:coordinatorlayout:28.0.0] AndroidManifest.xml:20:5-44
MERGED from [com.android.support:coordinatorlayout:28.0.0] AndroidManifest.xml:20:5-44
MERGED from [com.android.support:drawerlayout:28.0.0] AndroidManifest.xml:20:5-44
MERGED from [com.android.support:drawerlayout:28.0.0] AndroidManifest.xml:20:5-44
MERGED from [com.android.support:slidingpanelayout:28.0.0] AndroidManifest.xml:20:5-44
MERGED from [com.android.support:slidingpanelayout:28.0.0] AndroidManifest.xml:20:5-44
MERGED from [com.android.support:customview:28.0.0] AndroidManifest.xml:20:5-44
MERGED from [com.android.support:customview:28.0.0] AndroidManifest.xml:20:5-44
MERGED from [com.android.support:swiperefreshlayout:28.0.0] AndroidManifest.xml:20:5-44
MERGED from [com.android.support:swiperefreshlayout:28.0.0] AndroidManifest.xml:20:5-44
MERGED from [com.android.support:asynclayoutinflater:28.0.0] AndroidManifest.xml:20:5-44
MERGED from [com.android.support:asynclayoutinflater:28.0.0] AndroidManifest.xml:20:5-44
MERGED from [com.android.support:support-compat:28.0.0] AndroidManifest.xml:20:5-44
MERGED from [com.android.support:support-compat:28.0.0] AndroidManifest.xml:20:5-44
MERGED from [android.arch.lifecycle:viewmodel:1.1.1] AndroidManifest.xml:20:5-44
MERGED from [android.arch.lifecycle:viewmodel:1.1.1] AndroidManifest.xml:20:5-44
MERGED from [com.android.support:versionedparcelable:28.0.0] AndroidManifest.xml:20:5-44
MERGED from [com.android.support:versionedparcelable:28.0.0] AndroidManifest.xml:20:5-44
MERGED from [android.arch.lifecycle:runtime:1.1.1] AndroidManifest.xml:20:5-44
MERGED from [android.arch.lifecycle:runtime:1.1.1] AndroidManifest.xml:20:5-44
MERGED from [com.android.support:interpolator:28.0.0] AndroidManifest.xml:20:5-44
MERGED from [com.android.support:interpolator:28.0.0] AndroidManifest.xml:20:5-44
MERGED from [com.android.support:cursoradapter:28.0.0] AndroidManifest.xml:20:5-44
MERGED from [com.android.support:cursoradapter:28.0.0] AndroidManifest.xml:20:5-44
MERGED from [com.android.support:documentfile:28.0.0] AndroidManifest.xml:20:5-44
MERGED from [com.android.support:documentfile:28.0.0] AndroidManifest.xml:20:5-44
MERGED from [com.android.support:localbroadcastmanager:28.0.0] AndroidManifest.xml:20:5-44
MERGED from [com.android.support:localbroadcastmanager:28.0.0] AndroidManifest.xml:20:5-44
MERGED from [com.android.support:print:28.0.0] AndroidManifest.xml:20:5-44
MERGED from [com.android.support:print:28.0.0] AndroidManifest.xml:20:5-44
MERGED from [android.arch.lifecycle:livedata:1.1.1] AndroidManifest.xml:20:5-44
MERGED from [android.arch.lifecycle:livedata:1.1.1] AndroidManifest.xml:20:5-44
MERGED from [android.arch.lifecycle:livedata-core:1.1.1] AndroidManifest.xml:20:5-44
MERGED from [android.arch.lifecycle:livedata-core:1.1.1] AndroidManifest.xml:20:5-44
MERGED from [android.arch.core:runtime:1.1.1] AndroidManifest.xml:20:5-44
MERGED from [android.arch.core:runtime:1.1.1] AndroidManifest.xml:20:5-44
INJECTED from src/main/AndroidManifest.xml
INJECTED from src/main/AndroidManifest.xml
	android:targetSdkVersion
		INJECTED from src/main/AndroidManifest.xml
		ADDED from src/main/AndroidManifest.xml
		INJECTED from src/main/AndroidManifest.xml
	android:minSdkVersion
		INJECTED from src/main/AndroidManifest.xml
		ADDED from src/main/AndroidManifest.xml
		INJECTED from src/main/AndroidManifest.xml